============================= test session starts ==============================
platform darwin -- Python 3.11.9, pytest-9.0.2, pluggy-1.6.0 -- /Library/Frameworks/Python.framework/Versions/3.11/bin/python3
cachedir: .pytest_cache
rootdir: /Users/vijender/Development/OptionAdvisor
plugins: mock-3.15.1, cov-7.1.0, asyncio-1.3.0, typeguard-2.13.3, anyio-4.13.0
asyncio: mode=Mode.STRICT, debug=False, asyncio_default_fixture_loop_scope=None, asyncio_default_test_loop_scope=function
collecting ... collected 450 items

backend/tests/test_active_trade_decision.py::TestActiveTradeDecision::test_call_exit_below_or PASSED [  0%]
backend/tests/test_active_trade_decision.py::TestActiveTradeDecision::test_call_hold_breakout PASSED [  0%]
backend/tests/test_active_trade_decision.py::TestActiveTradeDecision::test_call_waiting PASSED [  0%]
backend/tests/test_active_trade_decision.py::TestActiveTradeDecision::test_missing_tape PASSED [  0%]
backend/tests/test_active_trade_decision.py::TestActiveTradeDecision::test_put_hold_breakdown PASSED [  1%]
backend/tests/test_active_trade_decision.py::TestActiveTradeDecision::test_put_wait_breakdown_copy PASSED [  1%]
backend/tests/test_active_trade_storage.py::ActiveTradeStorageTests::test_expiry_validation PASSED [  1%]
backend/tests/test_active_trade_storage.py::ActiveTradeStorageTests::test_insert_stores_strike_and_expiry PASSED [  1%]
backend/tests/test_active_trade_storage.py::ActiveTradeStorageTests::test_list_open_opened_today_et_empty_when_all_prior_day PASSED [  2%]
backend/tests/test_active_trade_storage.py::ActiveTradeStorageTests::test_list_open_opened_today_et_filters_prior_calendar_day PASSED [  2%]
backend/tests/test_alert_email_batching.py::AlertEmailBatchingTests::test_watchlist_scan_does_not_call_send_when_alert_email_disabled PASSED [  2%]
backend/tests/test_alert_email_batching.py::AlertEmailBatchingTests::test_watchlist_scan_sends_one_email_for_multiple_new_alerts PASSED [  2%]
backend/tests/test_alert_email_public_base.py::PublicBaseForAlertEmailTests::test_email_link_base_used_when_no_request_and_public_unset PASSED [  2%]
backend/tests/test_alert_email_public_base.py::PublicBaseForAlertEmailTests::test_env_override_wins_when_set PASSED [  3%]
backend/tests/test_alert_email_public_base.py::PublicBaseForAlertEmailTests::test_origin_fallback_when_env_empty PASSED [  3%]
backend/tests/test_alert_email_public_base.py::PublicBaseForAlertEmailTests::test_origin_wins_over_email_link_base_when_public_unset PASSED [  3%]
backend/tests/test_alert_email_public_base.py::PublicBaseForAlertEmailTests::test_public_url_wins_over_email_link_base PASSED [  3%]
backend/tests/test_alert_email_public_base.py::PublicBaseForAlertEmailTests::test_referer_fallback_when_no_origin PASSED [  4%]
backend/tests/test_alert_normalizer.py::AlertNormalizerTests::test_day_trade_vwap_lost_alert PASSED [  4%]
backend/tests/test_alert_normalizer.py::AlertNormalizerTests::test_portfolio_scale_out_alert PASSED [  4%]
backend/tests/test_alert_normalizer.py::AlertNormalizerTests::test_regular_high_iv_warning PASSED [  4%]
backend/tests/test_alert_normalizer.py::AlertNormalizerTests::test_swing_watch_alert PASSED [  4%]
backend/tests/test_auth_activation.py::ActivationTokenTests::test_activation_link_is_idempotent_until_expiry PASSED [  5%]
backend/tests/test_auth_activation.py::ActivationTokenTests::test_expired_activation_link_still_fails PASSED [  5%]
backend/tests/test_command_center_api.py::CommandCenterApiTests::test_alerts_endpoint_syncs_legacy_user_alerts_into_alert_center PASSED [  5%]
backend/tests/test_command_center_api.py::CommandCenterApiTests::test_alerts_list_normalized_envelope PASSED [  5%]
backend/tests/test_command_center_api.py::CommandCenterApiTests::test_api_envelope_shape PASSED [  6%]
backend/tests/test_command_center_api.py::CommandCenterApiTests::test_day_trade_endpoint_exposes_entry_guidance_and_option_risk_context PASSED [  6%]
backend/tests/test_command_center_api.py::CommandCenterApiTests::test_positions_center_unifies_trade_watchlists PASSED [  6%]
backend/tests/test_command_center_api.py::CommandCenterApiTests::test_signal_feed_unifies_engine_rows_and_paginates PASSED [  6%]
backend/tests/test_command_center_api.py::CommandCenterApiTests::test_trade_command_center_happy_path PASSED [  6%]
backend/tests/test_day_option_risk.py::DayOptionRiskTests::test_flags_0dte_high_iv_and_thin_liquidity PASSED [  7%]
backend/tests/test_day_option_risk.py::DayOptionRiskTests::test_prefers_short_dated_window_without_forcing_0dte PASSED [  7%]
backend/tests/test_day_option_risk.py::DayOptionRiskTests::test_returns_no_options_context_when_ticker_is_not_optionable PASSED [  7%]
backend/tests/test_day_trade_entry_guidance.py::TestLongBiasEntryGuidance::test_long_entry_active_has_required_keys PASSED [  7%]
backend/tests/test_day_trade_entry_guidance.py::TestLongBiasEntryGuidance::test_long_vwap_above_breakout_no_volume_no_retest_returns_wait_for_volume PASSED [  8%]
backend/tests/test_day_trade_entry_guidance.py::TestLongBiasEntryGuidance::test_long_vwap_above_breakout_retest_no_volume_returns_entry_retest PASSED [  8%]
backend/tests/test_day_trade_entry_guidance.py::TestLongBiasEntryGuidance::test_long_vwap_above_breakout_with_volume_returns_entry_active PASSED [  8%]
backend/tests/test_day_trade_entry_guidance.py::TestLongBiasEntryGuidance::test_long_vwap_above_inside_or_never_broken_returns_wait_for_breakout PASSED [  8%]
backend/tests/test_day_trade_entry_guidance.py::TestLongBiasEntryGuidance::test_long_vwap_at_returns_vwap_test PASSED [  8%]
backend/tests/test_day_trade_entry_guidance.py::TestLongBiasEntryGuidance::test_long_vwap_below_returns_wait_for_vwap_hold PASSED [  9%]
backend/tests/test_day_trade_entry_guidance.py::TestLongBiasEntryGuidance::test_long_wait_for_breakout_has_non_empty_action PASSED [  9%]
backend/tests/test_day_trade_entry_guidance.py::TestLongBiasEntryGuidance::test_long_wait_for_vwap_hold_has_non_empty_summary PASSED [  9%]
backend/tests/test_day_trade_entry_guidance.py::TestShortBiasEntryGuidance::test_short_entry_active_has_required_keys PASSED [  9%]
backend/tests/test_day_trade_entry_guidance.py::TestShortBiasEntryGuidance::test_short_vwap_above_returns_wait_for_vwap_break PASSED [ 10%]
backend/tests/test_day_trade_entry_guidance.py::TestShortBiasEntryGuidance::test_short_vwap_at_returns_vwap_test PASSED [ 10%]
backend/tests/test_day_trade_entry_guidance.py::TestShortBiasEntryGuidance::test_short_vwap_below_breakout_below_no_volume_returns_wait_for_volume PASSED [ 10%]
backend/tests/test_day_trade_entry_guidance.py::TestShortBiasEntryGuidance::test_short_vwap_below_breakout_below_with_volume_returns_entry_active PASSED [ 10%]
backend/tests/test_day_trade_entry_guidance.py::TestShortBiasEntryGuidance::test_short_vwap_below_inside_or_never_broken_returns_wait_for_breakdown PASSED [ 10%]
backend/tests/test_day_trade_entry_guidance.py::TestShortBiasEntryGuidance::test_short_wait_for_vwap_break_has_non_empty_avoid PASSED [ 11%]
backend/tests/test_day_trade_entry_guidance.py::TestNeutralBiasEntryGuidance::test_empty_string_bias_returns_monitoring_state PASSED [ 11%]
backend/tests/test_day_trade_entry_guidance.py::TestNeutralBiasEntryGuidance::test_monitoring_state_has_required_keys PASSED [ 11%]
backend/tests/test_day_trade_entry_guidance.py::TestNeutralBiasEntryGuidance::test_none_bias_returns_monitoring_state PASSED [ 11%]
backend/tests/test_day_trade_entry_guidance.py::TestReturnShape::test_always_returns_dict PASSED [ 12%]
backend/tests/test_day_trade_entry_guidance.py::TestReturnShape::test_known_long_states_are_valid PASSED [ 12%]
backend/tests/test_day_trade_entry_guidance.py::TestReturnShape::test_state_is_always_a_string PASSED [ 12%]
backend/tests/test_day_trade_entry_guidance.py::TestConfirmedBreakoutRetracedInsideOR::test_long_broke_up_inside_or_does_not_return_wait_for_breakout PASSED [ 12%]
backend/tests/test_day_trade_entry_guidance.py::TestConfirmedBreakoutRetracedInsideOR::test_long_broke_up_inside_or_returns_wait_for_volume_not_state1 PASSED [ 12%]
backend/tests/test_day_trade_entry_guidance.py::TestConfirmedBreakoutRetracedInsideOR::test_long_contained_inside_or_still_returns_wait_for_breakout PASSED [ 13%]
backend/tests/test_day_trade_entry_guidance.py::TestConfirmedBreakoutRetracedInsideOR::test_short_broke_down_inside_or_returns_wait_for_volume PASSED [ 13%]
backend/tests/test_day_trade_entry_guidance.py::TestConfirmedBreakoutRetracedInsideOR::test_short_contained_inside_or_still_returns_wait_for_breakdown PASSED [ 13%]
backend/tests/test_day_trade_entry_guidance.py::TestConfirmedBreakoutRetracedInsideOR::test_wait_for_volume_summary_mentions_orh PASSED [ 13%]
backend/tests/test_day_trade_entry_guidance.py::TestEntryPullback::test_long_entry_active_no_pullback_stays_entry_active PASSED [ 14%]
backend/tests/test_day_trade_entry_guidance.py::TestEntryPullback::test_long_entry_active_pullback_at_threshold_returns_entry_pullback PASSED [ 14%]
backend/tests/test_day_trade_entry_guidance.py::TestEntryPullback::test_long_large_pullback_returns_entry_pullback PASSED [ 14%]
backend/tests/test_day_trade_entry_guidance.py::TestEntryPullback::test_long_pullback_avoid_mentions_orh PASSED [ 14%]
backend/tests/test_day_trade_entry_guidance.py::TestEntryPullback::test_long_pullback_should_now_is_hold PASSED [ 14%]
backend/tests/test_day_trade_entry_guidance.py::TestEntryPullback::test_long_pullback_summary_mentions_session_high PASSED [ 15%]
backend/tests/test_day_trade_entry_guidance.py::TestEntryPullback::test_short_bounce_at_threshold_returns_entry_pullback PASSED [ 15%]
backend/tests/test_day_trade_entry_guidance.py::TestEntryPullback::test_short_entry_active_no_pullback_stays_entry_active PASSED [ 15%]
backend/tests/test_day_trade_entry_guidance.py::TestEntryPullback::test_short_pullback_should_now_is_hold PASSED [ 15%]
backend/tests/test_day_trade_entry_guidance.py::TestEntryPullback::test_short_pullback_summary_mentions_session_low PASSED [ 16%]
backend/tests/test_day_trade_entry_guidance.py::TestEODClosingBlock::test_eod_closing_avoid_mentions_entries PASSED [ 16%]
backend/tests/test_day_trade_entry_guidance.py::TestEODClosingBlock::test_eod_closing_overrides_even_for_perfect_setup PASSED [ 16%]
backend/tests/test_day_trade_entry_guidance.py::TestEODClosingBlock::test_eod_closing_summary_mentions_exit PASSED [ 16%]
backend/tests/test_day_trade_entry_guidance.py::TestEODClosingBlock::test_long_entry_active_eod_overrides_to_eod_closing PASSED [ 16%]
backend/tests/test_day_trade_entry_guidance.py::TestEODClosingBlock::test_power_hour_does_not_block_entry PASSED [ 17%]
backend/tests/test_day_trade_entry_guidance.py::TestEODClosingBlock::test_power_hour_entry_active_avoid_mentions_exit_time PASSED [ 17%]
backend/tests/test_day_trade_entry_guidance.py::TestEODClosingBlock::test_short_entry_active_eod_overrides_to_eod_closing PASSED [ 17%]
backend/tests/test_day_trade_entry_guidance.py::TestVolumeOneTimeGate::test_long_broke_up_no_current_volume_spike_reaches_entry_active PASSED [ 17%]
backend/tests/test_day_trade_entry_guidance.py::TestVolumeOneTimeGate::test_long_contained_no_current_volume_stays_wait_for_volume PASSED [ 18%]
backend/tests/test_day_trade_entry_guidance.py::TestVolumeOneTimeGate::test_short_broke_down_no_current_volume_reaches_entry_active PASSED [ 18%]
backend/tests/test_day_trade_price_structure.py::TestSwingStructureFlat::test_exactly_minimum_length_with_single_swing PASSED [ 18%]
backend/tests/test_day_trade_price_structure.py::TestSwingStructureFlat::test_flat_array_with_equal_values_returns_mixed PASSED [ 18%]
backend/tests/test_day_trade_price_structure.py::TestSwingStructureFlat::test_single_swing_point_only_returns_flat PASSED [ 18%]
backend/tests/test_day_trade_price_structure.py::TestSwingStructureFlat::test_too_short_for_window_returns_flat PASSED [ 19%]
backend/tests/test_day_trade_price_structure.py::TestSwingStructureRising::test_clearly_rising_series_returns_hh_hl PASSED [ 19%]
backend/tests/test_day_trade_price_structure.py::TestSwingStructureRising::test_staircase_up_pattern_returns_hh_hl PASSED [ 19%]
backend/tests/test_day_trade_price_structure.py::TestSwingStructureFalling::test_clearly_falling_series_returns_ll_lh PASSED [ 19%]
backend/tests/test_day_trade_price_structure.py::TestSwingStructureFalling::test_staircase_down_pattern_returns_ll_lh PASSED [ 20%]
backend/tests/test_day_trade_price_structure.py::TestSwingStructureMixed::test_higher_high_but_lower_low_returns_mixed PASSED [ 20%]
backend/tests/test_day_trade_price_structure.py::TestSwingStructureMixed::test_lower_low_but_higher_high_also_returns_mixed PASSED [ 20%]
backend/tests/test_day_trade_price_structure.py::TestSwingStructureBoundary::test_default_window_5_with_insufficient_bars_returns_flat PASSED [ 20%]
backend/tests/test_day_trade_price_structure.py::TestSwingStructureBoundary::test_exactly_2_window_plus_1_bars_with_valid_structure PASSED [ 20%]
backend/tests/test_day_trade_price_structure.py::TestSwingStructureBoundary::test_return_value_is_string PASSED [ 21%]
backend/tests/test_day_trade_price_structure.py::TestSwingStructureBoundary::test_valid_results_are_known_states PASSED [ 21%]
backend/tests/test_day_trade_price_structure.py::TestSwingStructureBoundary::test_window_1_with_enough_data_gives_result PASSED [ 21%]
backend/tests/test_day_trade_range_exhaustion.py::TestLongBiasDailyRange::test_long_bias_at_20_pct_of_range_returns_early PASSED [ 21%]
backend/tests/test_day_trade_range_exhaustion.py::TestLongBiasDailyRange::test_long_bias_at_50_pct_of_range_returns_mid PASSED [ 22%]
backend/tests/test_day_trade_range_exhaustion.py::TestLongBiasDailyRange::test_long_bias_at_70_pct_of_range_returns_late PASSED [ 22%]
backend/tests/test_day_trade_range_exhaustion.py::TestLongBiasDailyRange::test_long_bias_at_88_pct_of_range_returns_exhausted PASSED [ 22%]
backend/tests/test_day_trade_range_exhaustion.py::TestLongBiasDailyRange::test_long_bias_at_session_high_returns_100_pct_exhausted PASSED [ 22%]
backend/tests/test_day_trade_range_exhaustion.py::TestLongBiasDailyRange::test_long_bias_at_session_low_returns_zero_pct_early PASSED [ 22%]
backend/tests/test_day_trade_range_exhaustion.py::TestLongBiasDailyRange::test_long_bias_boundary_exactly_40_pct_returns_mid PASSED [ 23%]
backend/tests/test_day_trade_range_exhaustion.py::TestLongBiasDailyRange::test_long_bias_boundary_exactly_65_pct_returns_late PASSED [ 23%]
backend/tests/test_day_trade_range_exhaustion.py::TestLongBiasDailyRange::test_long_bias_boundary_exactly_80_pct_returns_exhausted PASSED [ 23%]
backend/tests/test_day_trade_range_exhaustion.py::TestShortBiasDailyRange::test_short_bias_at_20_pct_from_high_returns_early PASSED [ 23%]
backend/tests/test_day_trade_range_exhaustion.py::TestShortBiasDailyRange::test_short_bias_at_50_pct_from_high_returns_mid PASSED [ 24%]
backend/tests/test_day_trade_range_exhaustion.py::TestShortBiasDailyRange::test_short_bias_at_70_pct_from_high_returns_late PASSED [ 24%]
backend/tests/test_day_trade_range_exhaustion.py::TestShortBiasDailyRange::test_short_bias_at_85_pct_from_high_returns_exhausted PASSED [ 24%]
backend/tests/test_day_trade_range_exhaustion.py::TestShortBiasDailyRange::test_short_bias_at_session_high_returns_zero_pct_early PASSED [ 24%]
backend/tests/test_day_trade_range_exhaustion.py::TestShortBiasDailyRange::test_short_bias_at_session_low_returns_100_pct_exhausted PASSED [ 24%]
backend/tests/test_day_trade_range_exhaustion.py::TestZeroRangeDailyRange::test_pct_clamped_to_0_when_below PASSED [ 25%]
backend/tests/test_day_trade_range_exhaustion.py::TestZeroRangeDailyRange::test_pct_clamped_to_100_when_above PASSED [ 25%]
backend/tests/test_day_trade_range_exhaustion.py::TestZeroRangeDailyRange::test_zero_range_span_long_returns_zero_early PASSED [ 25%]
backend/tests/test_day_trade_range_exhaustion.py::TestZeroRangeDailyRange::test_zero_range_span_short_returns_zero_early PASSED [ 25%]
backend/tests/test_day_trade_range_exhaustion.py::TestEntryRRRatio::test_result_is_rounded_to_2_decimal_places PASSED [ 26%]
backend/tests/test_day_trade_range_exhaustion.py::TestEntryRRRatio::test_reward_0_5_risk_1_0_returns_0_5 PASSED [ 26%]
backend/tests/test_day_trade_range_exhaustion.py::TestEntryRRRatio::test_reward_1_5_risk_1_0_returns_1_5 PASSED [ 26%]
backend/tests/test_day_trade_range_exhaustion.py::TestEntryRRRatio::test_reward_2_risk_1_returns_2_0 PASSED [ 26%]
backend/tests/test_day_trade_range_exhaustion.py::TestEntryRRRatio::test_short_direction_reward_2_risk_1_returns_2_0 PASSED [ 26%]
backend/tests/test_day_trade_range_exhaustion.py::TestEntryRRRatio::test_zero_reward_returns_0_0 PASSED [ 27%]
backend/tests/test_day_trade_range_exhaustion.py::TestEntryRRRatio::test_zero_risk_returns_none PASSED [ 27%]
backend/tests/test_day_trade_vwap.py::TestDayTradeVwap::test_vwap_fallback_when_entire_session_zero_volume_uses_typical_path PASSED [ 27%]
backend/tests/test_day_trade_vwap.py::TestDayTradeVwap::test_vwap_finite_with_leading_zero_volume_bars PASSED [ 27%]
backend/tests/test_decision_resolver.py::DecisionResolverTests::test_day_trade_bullish_but_not_ready_stays_wait PASSED [ 28%]
backend/tests/test_decision_resolver.py::DecisionResolverTests::test_regular_trade_high_iv_maps_to_avoid PASSED [ 28%]
backend/tests/test_decision_resolver.py::DecisionResolverTests::test_swing_trade_quality_long_maps_to_ready PASSED [ 28%]
backend/tests/test_exec_levels.py::TestBullTargetsAboveBreakout::test_crazy_momentum PASSED [ 28%]
backend/tests/test_exec_levels.py::TestBullTargetsAboveBreakout::test_high_momentum PASSED [ 28%]
backend/tests/test_exec_levels.py::TestBullTargetsAboveBreakout::test_low_momentum PASSED [ 29%]
backend/tests/test_exec_levels.py::TestBullTargetsAboveBreakout::test_moderate_momentum PASSED [ 29%]
backend/tests/test_exec_levels.py::TestBullTargetsAboveBreakout::test_negative_momentum_uses_floor PASSED [ 29%]
backend/tests/test_exec_levels.py::TestBullTargetsAboveBreakout::test_very_high_momentum PASSED [ 29%]
backend/tests/test_exec_levels.py::TestBearTargetsBelowBreakout::test_high_momentum PASSED [ 30%]
backend/tests/test_exec_levels.py::TestBearTargetsBelowBreakout::test_low_momentum PASSED [ 30%]
backend/tests/test_exec_levels.py::TestBearTargetsBelowBreakout::test_moderate_momentum PASSED [ 30%]
backend/tests/test_exec_levels.py::TestBearTargetsBelowBreakout::test_positive_momentum_uses_floor PASSED [ 30%]
backend/tests/test_exec_levels.py::TestExecLevelsEdgeCases::test_avgo_example PASSED [ 30%]
backend/tests/test_exec_levels.py::TestExecLevelsEdgeCases::test_neutral_bias_returns_empty PASSED [ 31%]
backend/tests/test_exec_levels.py::TestExecLevelsEdgeCases::test_zero_momentum_uses_floor PASSED [ 31%]
backend/tests/test_iv_atm_snapshots.py::IvAtmSnapshotTests::test_same_day_updates_iv PASSED [ 31%]
backend/tests/test_iv_atm_snapshots.py::IvAtmSnapshotTests::test_upsert_and_fetch_before_date PASSED [ 31%]
backend/tests/test_iv_atm_snapshots.py::IvRankImpliedHistoryTests::test_rank_in_band PASSED [ 32%]
backend/tests/test_iv_atm_snapshots.py::IvRankImpliedHistoryTests::test_short_history_returns_none PASSED [ 32%]
backend/tests/test_position_pnl.py::TestSanitizeIV::test_barely_above_threshold PASSED [ 32%]
backend/tests/test_position_pnl.py::TestSanitizeIV::test_decimal_iv_passed_through PASSED [ 32%]
backend/tests/test_position_pnl.py::TestSanitizeIV::test_none_iv_falls_back PASSED [ 32%]
backend/tests/test_position_pnl.py::TestSanitizeIV::test_percentage_iv_divided PASSED [ 33%]
backend/tests/test_position_pnl.py::TestSanitizeIV::test_string_iv_converted PASSED [ 33%]
backend/tests/test_position_pnl.py::TestSanitizeIV::test_zero_iv_falls_back PASSED [ 33%]
backend/tests/test_position_pnl.py::TestCalculatePositionPnl::test_avgo_long_call PASSED [ 33%]
backend/tests/test_position_pnl.py::TestCalculatePositionPnl::test_credit_spread PASSED [ 34%]
backend/tests/test_position_pnl.py::TestCalculatePositionPnl::test_debit_spread PASSED [ 34%]
backend/tests/test_position_pnl.py::TestCalculatePositionPnl::test_long_call_loser PASSED [ 34%]
backend/tests/test_position_pnl.py::TestCalculatePositionPnl::test_long_call_no_live_marks_bs_fallback PASSED [ 34%]
backend/tests/test_position_pnl.py::TestCalculatePositionPnl::test_long_call_winner PASSED [ 34%]
backend/tests/test_position_pnl.py::TestCalculatePositionPnl::test_short_put PASSED [ 35%]
backend/tests/test_position_pnl.py::TestCalculatePositionPnl::test_stock_position PASSED [ 35%]
backend/tests/test_regular_trade_engine.py::TestComputeEV::test_ev_formula_manual_check PASSED [ 35%]
backend/tests/test_regular_trade_engine.py::TestComputeEV::test_ev_returns_float PASSED [ 35%]
backend/tests/test_regular_trade_engine.py::TestComputeEV::test_negative_ev_when_prob_low_and_loss_large PASSED [ 36%]
backend/tests/test_regular_trade_engine.py::TestComputeEV::test_positive_ev_when_prob_high_and_profit_large PASSED [ 36%]
backend/tests/test_regular_trade_engine.py::TestComputeEV::test_prob_clamped_above_1 PASSED [ 36%]
backend/tests/test_regular_trade_engine.py::TestComputeEV::test_prob_clamped_below_0 PASSED [ 36%]
backend/tests/test_regular_trade_engine.py::TestComputeEV::test_zero_ev_at_breakeven PASSED [ 36%]
backend/tests/test_regular_trade_engine.py::TestComputeKellyMetrics::test_edge_ratio_equals_ev_over_max_loss PASSED [ 37%]
backend/tests/test_regular_trade_engine.py::TestComputeKellyMetrics::test_half_kelly_cap_is_0_20 PASSED [ 37%]
backend/tests/test_regular_trade_engine.py::TestComputeKellyMetrics::test_half_kelly_is_half_of_capped_kelly PASSED [ 37%]
backend/tests/test_regular_trade_engine.py::TestComputeKellyMetrics::test_half_kelly_never_exceeds_cap PASSED [ 37%]
backend/tests/test_regular_trade_engine.py::TestComputeKellyMetrics::test_negative_ev_returns_zero_kelly PASSED [ 38%]
backend/tests/test_regular_trade_engine.py::TestComputeKellyMetrics::test_negative_max_loss_returns_zeros PASSED [ 38%]
backend/tests/test_regular_trade_engine.py::TestComputeKellyMetrics::test_returns_three_element_tuple PASSED [ 38%]
backend/tests/test_regular_trade_engine.py::TestComputeKellyMetrics::test_zero_max_loss_returns_zeros PASSED [ 38%]
backend/tests/test_regular_trade_engine.py::TestExpectedStockMove::test_higher_iv_produces_larger_move PASSED [ 38%]
backend/tests/test_regular_trade_engine.py::TestExpectedStockMove::test_higher_price_produces_larger_absolute_move PASSED [ 39%]
backend/tests/test_regular_trade_engine.py::TestExpectedStockMove::test_longer_dte_produces_larger_move PASSED [ 39%]
backend/tests/test_regular_trade_engine.py::TestExpectedStockMove::test_returns_positive_value_for_valid_inputs PASSED [ 39%]
backend/tests/test_regular_trade_engine.py::TestExpectedStockMove::test_zero_iv_returns_fallback PASSED [ 39%]
backend/tests/test_regular_trade_engine.py::TestExpectedStockMove::test_zero_price_returns_zero PASSED [ 40%]
backend/tests/test_regular_trade_engine.py::TestPickExpiryByDTE::test_empty_list_returns_none PASSED [ 40%]
backend/tests/test_regular_trade_engine.py::TestPickExpiryByDTE::test_picks_date_within_range PASSED [ 40%]
backend/tests/test_regular_trade_engine.py::TestPickExpiryByDTE::test_returns_none_when_all_dates_too_short PASSED [ 40%]
backend/tests/test_regular_trade_engine.py::TestRunEngineReturnType::test_candidates_have_positive_expected_value PASSED [ 40%]
backend/tests/test_regular_trade_engine.py::TestRunEngineReturnType::test_candidates_have_required_attributes PASSED [ 41%]
backend/tests/test_regular_trade_engine.py::TestRunEngineReturnType::test_each_candidate_is_trade_candidate_instance PASSED [ 41%]
backend/tests/test_regular_trade_engine.py::TestRunEngineReturnType::test_kelly_fraction_never_exceeds_cap PASSED [ 41%]
backend/tests/test_regular_trade_engine.py::TestRunEngineReturnType::test_max_6_results_returned PASSED [ 41%]
backend/tests/test_regular_trade_engine.py::TestRunEngineReturnType::test_results_sorted_by_total_score_descending PASSED [ 42%]
backend/tests/test_regular_trade_engine.py::TestRunEngineReturnType::test_returns_empty_list_when_no_valid_expiry PASSED [ 42%]
backend/tests/test_regular_trade_engine.py::TestRunEngineReturnType::test_returns_list PASSED [ 42%]
backend/tests/test_regular_trade_engine.py::TestRunEngineLongOnlyMode::test_long_only_no_credit_strategies PASSED [ 42%]
backend/tests/test_regular_trade_engine.py::TestRunEngineLongOnlyMode::test_long_only_returns_only_debit_strategies PASSED [ 42%]
backend/tests/test_regular_trade_engine.py::TestRunEngineBearishMode::test_long_only_bearish_returns_list PASSED [ 43%]
backend/tests/test_score_normalizer.py::TestDayNormalizer::test_breakdown_preserves_raw_scores PASSED [ 43%]
backend/tests/test_score_normalizer.py::TestDayNormalizer::test_execution_bias_avoid_chase PASSED [ 43%]
backend/tests/test_score_normalizer.py::TestDayNormalizer::test_execution_bias_pullback PASSED [ 43%]
backend/tests/test_score_normalizer.py::TestDayNormalizer::test_execution_bias_wait_for_confirmation PASSED [ 44%]
backend/tests/test_score_normalizer.py::TestDayNormalizer::test_go_maps_to_ready PASSED [ 44%]
backend/tests/test_score_normalizer.py::TestDayNormalizer::test_no_clean_entry_default PASSED [ 44%]
backend/tests/test_score_normalizer.py::TestDayNormalizer::test_no_go_verdict PASSED [ 44%]
backend/tests/test_score_normalizer.py::TestDayNormalizer::test_strong_go_maps_to_go PASSED [ 44%]
backend/tests/test_score_normalizer.py::TestDayNormalizer::test_vix_30_downgrades_go_to_watch PASSED [ 45%]
backend/tests/test_score_normalizer.py::TestDayNormalizer::test_vix_40_overrides_to_avoid PASSED [ 45%]
backend/tests/test_score_normalizer.py::TestDayNormalizer::test_wait_verdict PASSED [ 45%]
backend/tests/test_score_normalizer.py::TestDayNormalizer::test_watch_verdict PASSED [ 45%]
backend/tests/test_score_normalizer.py::TestSwingNormalizer::test_avoid_state PASSED [ 46%]
backend/tests/test_score_normalizer.py::TestSwingNormalizer::test_breakdown_preserves_raw_scores PASSED [ 46%]
backend/tests/test_score_normalizer.py::TestSwingNormalizer::test_high_quality_go PASSED [ 46%]
backend/tests/test_score_normalizer.py::TestSwingNormalizer::test_no_go_low_score PASSED [ 46%]
backend/tests/test_score_normalizer.py::TestSwingNormalizer::test_ready_state PASSED [ 46%]
backend/tests/test_score_normalizer.py::TestSwingNormalizer::test_vix_25_downgrades PASSED [ 47%]
backend/tests/test_score_normalizer.py::TestSwingNormalizer::test_vix_35_overrides_to_avoid PASSED [ 47%]
backend/tests/test_score_normalizer.py::TestSwingNormalizer::test_wait_pullback PASSED [ 47%]
backend/tests/test_score_normalizer.py::TestSwingNormalizer::test_watch_state PASSED [ 47%]
backend/tests/test_score_normalizer.py::TestRegularNormalizer::test_avoid_chase_liq_fail PASSED [ 48%]
backend/tests/test_score_normalizer.py::TestRegularNormalizer::test_breakdown_preserves_sub_scores PASSED [ 48%]
backend/tests/test_score_normalizer.py::TestRegularNormalizer::test_high_iv_risk PASSED [ 48%]
backend/tests/test_score_normalizer.py::TestRegularNormalizer::test_high_score_go PASSED [ 48%]
backend/tests/test_score_normalizer.py::TestRegularNormalizer::test_no_go_ev_zero PASSED [ 48%]
backend/tests/test_score_normalizer.py::TestRegularNormalizer::test_no_go_no_candidate PASSED [ 49%]
backend/tests/test_score_normalizer.py::TestRegularNormalizer::test_ready_state PASSED [ 49%]
backend/tests/test_score_normalizer.py::TestRegularNormalizer::test_wait_state PASSED [ 49%]
backend/tests/test_score_normalizer.py::TestRegularNormalizer::test_watch_state PASSED [ 49%]
backend/tests/test_score_normalizer.py::TestNormalizedStateRank::test_rank_ordering PASSED [ 50%]
backend/tests/test_score_normalizer.py::TestNormalizedStateRank::test_unknown_state_defaults_to_lowest PASSED [ 50%]
backend/tests/test_spread_entry.py::TestUnsupportedStrategiesReturnNone::test_empty_strategy_returns_none PASSED [ 50%]
backend/tests/test_spread_entry.py::TestUnsupportedStrategiesReturnNone::test_iron_condor_returns_none PASSED [ 50%]
backend/tests/test_spread_entry.py::TestUnsupportedStrategiesReturnNone::test_unknown_strategy_returns_none PASSED [ 50%]
backend/tests/test_spread_entry.py::TestMissingExecLevelsReturnNone::test_empty_exec_levels_returns_none PASSED [ 51%]
backend/tests/test_spread_entry.py::TestMissingExecLevelsReturnNone::test_missing_breakout_returns_none PASSED [ 51%]
backend/tests/test_spread_entry.py::TestMissingExecLevelsReturnNone::test_missing_target1_returns_none PASSED [ 51%]
backend/tests/test_spread_entry.py::TestNoOptionDatesReturnNone::test_all_near_expiry_dates_under_7_dte_returns_none PASSED [ 51%]
backend/tests/test_spread_entry.py::TestNoOptionDatesReturnNone::test_empty_option_dates_returns_none PASSED [ 52%]
backend/tests/test_spread_entry.py::TestNoOptionDatesReturnNone::test_none_option_dates_returns_none PASSED [ 52%]
backend/tests/test_spread_entry.py::TestNoOptionDatesReturnNone::test_only_expired_dates_returns_none PASSED [ 52%]
backend/tests/test_spread_entry.py::TestEmptyChainReturnNone::test_chain_with_zero_ask_returns_none PASSED [ 52%]
backend/tests/test_spread_entry.py::TestEmptyChainReturnNone::test_empty_call_chain_returns_none PASSED [ 52%]
backend/tests/test_spread_entry.py::TestEmptyChainReturnNone::test_none_call_chain_returns_none PASSED [ 53%]
backend/tests/test_spread_entry.py::TestCallDebitSpreadSuccess::test_call_debit_spread_returns_correct_strategy_name PASSED [ 53%]
backend/tests/test_spread_entry.py::TestCallDebitSpreadSuccess::test_entry_note_contains_breakout_price PASSED [ 53%]
backend/tests/test_spread_entry.py::TestCallDebitSpreadSuccess::test_est_debit_equals_long_mid_minus_short_mid PASSED [ 53%]
backend/tests/test_spread_entry.py::TestCallDebitSpreadSuccess::test_long_strike_at_or_above_breakout PASSED [ 54%]
backend/tests/test_spread_entry.py::TestCallDebitSpreadSuccess::test_max_gain_equals_width_minus_debit_times_100 PASSED [ 54%]
backend/tests/test_spread_entry.py::TestCallDebitSpreadSuccess::test_max_loss_equals_debit_times_100 PASSED [ 54%]
backend/tests/test_spread_entry.py::TestCallDebitSpreadSuccess::test_result_has_all_required_keys PASSED [ 54%]
backend/tests/test_spread_entry.py::TestCallDebitSpreadSuccess::test_short_strike_at_or_below_target1 PASSED [ 54%]
backend/tests/test_spread_entry.py::TestPutDebitSpreadSuccess::test_put_breakeven_equals_long_strike_minus_debit PASSED [ 55%]
backend/tests/test_spread_entry.py::TestPutDebitSpreadSuccess::test_put_debit_spread_returns_correct_strategy_name PASSED [ 55%]
backend/tests/test_spread_entry.py::TestPutDebitSpreadSuccess::test_put_entry_note_contains_breakout_price PASSED [ 55%]
backend/tests/test_spread_entry.py::TestPutDebitSpreadSuccess::test_put_long_strike_at_or_below_breakout PASSED [ 55%]
backend/tests/test_spread_entry.py::TestPutDebitSpreadSuccess::test_put_long_strike_greater_than_short_strike PASSED [ 56%]
backend/tests/test_spread_entry.py::TestLongCallSuccess::test_long_call_breakeven_equals_strike_plus_debit PASSED [ 56%]
backend/tests/test_spread_entry.py::TestLongCallSuccess::test_long_call_max_gain_is_none PASSED [ 56%]
backend/tests/test_spread_entry.py::TestLongCallSuccess::test_long_call_returns_correct_strategy_name PASSED [ 56%]
backend/tests/test_spread_entry.py::TestLongCallSuccess::test_long_call_short_leg_is_none PASSED [ 56%]
backend/tests/test_spread_entry.py::TestDTESelection::test_21_42_duration_picks_expiry_nearest_31_days PASSED [ 57%]
backend/tests/test_spread_entry.py::TestDTESelection::test_empty_duration_uses_default_dte_35 PASSED [ 57%]
backend/tests/test_spread_entry.py::TestDTESelection::test_single_value_duration_uses_that_as_target_dte PASSED [ 57%]
backend/tests/test_swing_chart_series.py::SwingChartSeriesTests::test_caps_length PASSED [ 57%]
backend/tests/test_swing_chart_series.py::SwingChartSeriesTests::test_reindexes_hv_to_close PASSED [ 58%]
backend/tests/test_swing_exit_rules.py::TestEmptyAndInvalidInputs::test_bias_neutral_returns_empty_list PASSED [ 58%]
backend/tests/test_swing_exit_rules.py::TestEmptyAndInvalidInputs::test_bias_none_returns_empty_list PASSED [ 58%]
backend/tests/test_swing_exit_rules.py::TestEmptyAndInvalidInputs::test_empty_exec_levels_returns_empty_list PASSED [ 58%]
backend/tests/test_swing_exit_rules.py::TestEmptyAndInvalidInputs::test_missing_breakout_returns_empty_list PASSED [ 58%]
backend/tests/test_swing_exit_rules.py::TestEmptyAndInvalidInputs::test_missing_stop_returns_empty_list PASSED [ 59%]
backend/tests/test_swing_exit_rules.py::TestEmptyAndInvalidInputs::test_missing_target1_returns_empty_list PASSED [ 59%]
backend/tests/test_swing_exit_rules.py::TestEmptyAndInvalidInputs::test_none_exec_levels_returns_empty_list PASSED [ 59%]
backend/tests/test_swing_exit_rules.py::TestLongBiasRules::test_all_rule_prices_are_floats PASSED [ 59%]
backend/tests/test_swing_exit_rules.py::TestLongBiasRules::test_all_rules_have_required_keys PASSED [ 60%]
backend/tests/test_swing_exit_rules.py::TestLongBiasRules::test_long_caution_entry_also_returns_rules PASSED [ 60%]
backend/tests/test_swing_exit_rules.py::TestLongBiasRules::test_long_good_entry_high_risk_returns_five_rules PASSED [ 60%]
backend/tests/test_swing_exit_rules.py::TestLongBiasRules::test_long_good_entry_low_risk_returns_four_rules PASSED [ 60%]
backend/tests/test_swing_exit_rules.py::TestLongBiasRules::test_long_good_entry_very_high_risk_returns_five_rules PASSED [ 60%]
backend/tests/test_swing_exit_rules.py::TestLongBiasRules::test_long_high_risk_has_stall_rule PASSED [ 61%]
backend/tests/test_swing_exit_rules.py::TestLongBiasRules::test_long_low_risk_no_stall_rule PASSED [ 61%]
backend/tests/test_swing_exit_rules.py::TestLongBiasRules::test_long_ma20_rule_always_present PASSED [ 61%]
backend/tests/test_swing_exit_rules.py::TestLongBiasRules::test_long_ma20_rule_price_equals_ma20 PASSED [ 61%]
backend/tests/test_swing_exit_rules.py::TestLongBiasRules::test_long_stop_price_less_than_t1_price PASSED [ 62%]
backend/tests/test_swing_exit_rules.py::TestLongBiasRules::test_long_stop_rule_price_equals_stop_level PASSED [ 62%]
backend/tests/test_swing_exit_rules.py::TestLongBiasRules::test_long_t1_price_less_than_t2_price PASSED [ 62%]
backend/tests/test_swing_exit_rules.py::TestLongBiasRules::test_long_t1_rule_price_equals_target1 PASSED [ 62%]
backend/tests/test_swing_exit_rules.py::TestLongBiasRules::test_long_very_high_risk_has_stall_rule PASSED [ 62%]
backend/tests/test_swing_exit_rules.py::TestShortBiasRules::test_all_short_rules_have_required_keys PASSED [ 63%]
backend/tests/test_swing_exit_rules.py::TestShortBiasRules::test_short_good_entry_high_risk_returns_five_rules PASSED [ 63%]
backend/tests/test_swing_exit_rules.py::TestShortBiasRules::test_short_good_entry_low_risk_returns_four_rules PASSED [ 63%]
backend/tests/test_swing_exit_rules.py::TestShortBiasRules::test_short_good_entry_very_high_risk_returns_five_rules PASSED [ 63%]
backend/tests/test_swing_exit_rules.py::TestShortBiasRules::test_short_high_risk_has_stall_rule PASSED [ 64%]
backend/tests/test_swing_exit_rules.py::TestShortBiasRules::test_short_low_risk_no_stall_rule PASSED [ 64%]
backend/tests/test_swing_exit_rules.py::TestShortBiasRules::test_short_ma20_rule_always_present PASSED [ 64%]
backend/tests/test_swing_exit_rules.py::TestShortBiasRules::test_short_stop_price_equals_stop_level PASSED [ 64%]
backend/tests/test_swing_exit_rules.py::TestShortBiasRules::test_short_stop_price_greater_than_t1_price PASSED [ 64%]
backend/tests/test_swing_exit_rules.py::TestShortBiasRules::test_short_t1_price_greater_than_t2_price PASSED [ 65%]
backend/tests/test_swing_exit_rules.py::TestShortBiasRules::test_short_t1_rule_price_equals_target1 PASSED [ 65%]
backend/tests/test_swing_exit_rules.py::TestShortBiasRules::test_short_very_high_risk_has_stall_rule PASSED [ 65%]
backend/tests/test_swing_exit_rules.py::TestRulesAreReturnedAsList::test_each_rule_is_dict PASSED [ 65%]
backend/tests/test_swing_exit_rules.py::TestRulesAreReturnedAsList::test_returns_list_type PASSED [ 66%]
backend/tests/test_swing_trade_decision.py::test_swing_bias_strong_bullish PASSED [ 66%]
backend/tests/test_swing_trade_decision.py::test_swing_bias_bullish PASSED [ 66%]
backend/tests/test_swing_trade_decision.py::test_swing_bias_bearish PASSED [ 66%]
backend/tests/test_swing_trade_decision.py::test_swing_bias_strong_bearish PASSED [ 66%]
backend/tests/test_swing_trade_decision.py::test_swing_bias_neutral_tight PASSED [ 67%]
backend/tests/test_swing_trade_decision.py::test_swing_bias_neutral_mixed PASSED [ 67%]
backend/tests/test_swing_trade_decision.py::test_spy_classified_as_market_context_only PASSED [ 67%]
backend/tests/test_swing_trade_decision.py::test_qqq_bearish_classified_as_market_context_only PASSED [ 67%]
backend/tests/test_swing_trade_decision.py::test_iwm_neutral_market_etf_no_trade PASSED [ 68%]
backend/tests/test_swing_trade_decision.py::test_quality_long_strong_go PASSED [ 68%]
backend/tests/test_swing_trade_decision.py::test_quality_long_watch_call_debit_spread PASSED [ 68%]
backend/tests/test_swing_trade_decision.py::test_strong_bullish_but_5d_extended_wait_pullback PASSED [ 68%]
backend/tests/test_swing_trade_decision.py::test_very_extended_avoid_chase PASSED [ 68%]
backend/tests/test_swing_trade_decision.py::test_overbought_rsi_triggers_wait_pullback PASSED [ 69%]
backend/tests/test_swing_trade_decision.py::test_earnings_imminent_avoid_naked_calls PASSED [ 69%]
backend/tests/test_swing_trade_decision.py::test_earnings_soon_penalises_score PASSED [ 69%]
backend/tests/test_swing_trade_decision.py::test_high_iv_prefers_credit_spread PASSED [ 69%]
backend/tests/test_swing_trade_decision.py::test_very_high_iv_risk_upgraded PASSED [ 70%]
backend/tests/test_swing_trade_decision.py::test_low_iv_good_entry_allows_long_call PASSED [ 70%]
backend/tests/test_swing_trade_decision.py::test_strong_go_moderate_iv_suggests_long_call PASSED [ 70%]
backend/tests/test_swing_trade_decision.py::test_strong_go_iv_60_suggests_spread PASSED [ 70%]
backend/tests/test_swing_trade_decision.py::test_very_high_iv_bullish_suggests_put_credit_spread PASSED [ 70%]
backend/tests/test_swing_trade_decision.py::test_very_high_iv_bearish_suggests_call_credit_spread PASSED [ 71%]
backend/tests/test_swing_trade_decision.py::test_strong_go_iv_75_suggests_put_credit_spread PASSED [ 71%]
backend/tests/test_swing_trade_decision.py::test_earnings_very_high_iv_suggests_credit_spread PASSED [ 71%]
backend/tests/test_swing_trade_decision.py::test_moderate_iv_still_debit_spread PASSED [ 71%]
backend/tests/test_swing_trade_decision.py::test_low_liquidity_rejects_trade PASSED [ 72%]
backend/tests/test_swing_trade_decision.py::test_weak_market_penalises_bullish_score PASSED [ 72%]
backend/tests/test_swing_trade_decision.py::test_weak_market_does_not_penalise_bearish_setup PASSED [ 72%]
backend/tests/test_swing_trade_decision.py::test_market_mixed_adds_confirmation PASSED [ 72%]
backend/tests/test_swing_trade_decision.py::test_near_resistance_triggers_wait_breakout PASSED [ 72%]
backend/tests/test_swing_trade_decision.py::test_vix_no_go_forces_no_trade PASSED [ 73%]
backend/tests/test_swing_trade_decision.py::test_vix_caution_elevated_but_allows_trade PASSED [ 73%]
backend/tests/test_swing_trade_decision.py::test_neutral_swing_bias_returns_weak_setup PASSED [ 73%]
backend/tests/test_swing_trade_decision.py::test_low_score_no_trade PASSED [ 73%]
backend/tests/test_swing_trade_decision.py::test_bearish_quality_returns_watch_put PASSED [ 74%]
backend/tests/test_swing_trade_decision.py::test_bearish_extended_oversold_triggers_wait PASSED [ 74%]
backend/tests/test_swing_trade_decision.py::test_quality_score_never_exceeds_10 PASSED [ 74%]
backend/tests/test_swing_trade_decision.py::test_quality_score_never_below_zero PASSED [ 74%]
backend/tests/test_swing_trade_playbook.py::PlaybookHintTests::test_bearish_good_entry_long_put PASSED [ 74%]
backend/tests/test_swing_trade_playbook.py::PlaybookHintTests::test_bearish_oversold_wait_bounce PASSED [ 75%]
backend/tests/test_swing_trade_playbook.py::PlaybookHintTests::test_bullish_extended_wait_pullback PASSED [ 75%]
backend/tests/test_swing_trade_playbook.py::PlaybookHintTests::test_bullish_good_entry_high_iv_call_spread PASSED [ 75%]
backend/tests/test_swing_trade_playbook.py::PlaybookHintTests::test_bullish_good_entry_low_iv_long_call PASSED [ 75%]
backend/tests/test_swing_trade_playbook.py::PlaybookHintTests::test_earnings_layer_replaces_long_call_with_spread PASSED [ 76%]
backend/tests/test_swing_trade_playbook.py::PlaybookHintTests::test_no_trade_weak PASSED [ 76%]
backend/tests/test_swing_trade_range_exhaustion.py::TestLongBiasWeeklyRange::test_long_at_20_pct_returns_early PASSED [ 76%]
backend/tests/test_swing_trade_range_exhaustion.py::TestLongBiasWeeklyRange::test_long_at_30_pct_boundary_returns_mid PASSED [ 76%]
backend/tests/test_swing_trade_range_exhaustion.py::TestLongBiasWeeklyRange::test_long_at_40_pct_returns_mid PASSED [ 76%]
backend/tests/test_swing_trade_range_exhaustion.py::TestLongBiasWeeklyRange::test_long_at_50_pct_boundary_returns_late PASSED [ 77%]
backend/tests/test_swing_trade_range_exhaustion.py::TestLongBiasWeeklyRange::test_long_at_60_pct_returns_late PASSED [ 77%]
backend/tests/test_swing_trade_range_exhaustion.py::TestLongBiasWeeklyRange::test_long_at_70_pct_boundary_returns_extended PASSED [ 77%]
backend/tests/test_swing_trade_range_exhaustion.py::TestLongBiasWeeklyRange::test_long_at_80_pct_returns_extended PASSED [ 77%]
backend/tests/test_swing_trade_range_exhaustion.py::TestLongBiasWeeklyRange::test_long_at_week_high_returns_100_pct_extended PASSED [ 78%]
backend/tests/test_swing_trade_range_exhaustion.py::TestLongBiasWeeklyRange::test_long_at_week_low_returns_zero_pct_early PASSED [ 78%]
backend/tests/test_swing_trade_range_exhaustion.py::TestShortBiasWeeklyRange::test_short_at_15_pct_from_high_returns_early PASSED [ 78%]
backend/tests/test_swing_trade_range_exhaustion.py::TestShortBiasWeeklyRange::test_short_at_35_pct_from_high_returns_mid PASSED [ 78%]
backend/tests/test_swing_trade_range_exhaustion.py::TestShortBiasWeeklyRange::test_short_at_55_pct_from_high_returns_late PASSED [ 78%]
backend/tests/test_swing_trade_range_exhaustion.py::TestShortBiasWeeklyRange::test_short_at_75_pct_from_high_returns_extended PASSED [ 79%]
backend/tests/test_swing_trade_range_exhaustion.py::TestShortBiasWeeklyRange::test_short_at_week_high_returns_zero_pct_early PASSED [ 79%]
backend/tests/test_swing_trade_range_exhaustion.py::TestShortBiasWeeklyRange::test_short_at_week_low_returns_100_pct_extended PASSED [ 79%]
backend/tests/test_swing_trade_range_exhaustion.py::TestNeutralBiasWeeklyRange::test_neutral_at_extreme_high_returns_50_pct_late PASSED [ 79%]
backend/tests/test_swing_trade_range_exhaustion.py::TestNeutralBiasWeeklyRange::test_neutral_at_extreme_low_returns_50_pct_late PASSED [ 80%]
backend/tests/test_swing_trade_range_exhaustion.py::TestNeutralBiasWeeklyRange::test_neutral_at_midpoint_returns_zero_pct_early PASSED [ 80%]
backend/tests/test_swing_trade_range_exhaustion.py::TestNeutralBiasWeeklyRange::test_neutral_bias_string_none_treated_same PASSED [ 80%]
backend/tests/test_swing_trade_range_exhaustion.py::TestZeroSpanWeeklyRange::test_pct_clamped_at_0 PASSED [ 80%]
backend/tests/test_swing_trade_range_exhaustion.py::TestZeroSpanWeeklyRange::test_pct_clamped_at_100 PASSED [ 80%]
backend/tests/test_swing_trade_range_exhaustion.py::TestZeroSpanWeeklyRange::test_zero_span_returns_zero_pct_early_long PASSED [ 81%]
backend/tests/test_swing_trade_range_exhaustion.py::TestZeroSpanWeeklyRange::test_zero_span_returns_zero_pct_early_neutral PASSED [ 81%]
backend/tests/test_swing_trade_range_exhaustion.py::TestZeroSpanWeeklyRange::test_zero_span_returns_zero_pct_early_short PASSED [ 81%]
backend/tests/test_swing_trade_range_exhaustion.py::TestWeeklyRangePhaseThresholds::test_boundary_exactly_30_returns_mid PASSED [ 81%]
backend/tests/test_swing_trade_range_exhaustion.py::TestWeeklyRangePhaseThresholds::test_boundary_exactly_50_returns_late PASSED [ 82%]
backend/tests/test_swing_trade_range_exhaustion.py::TestWeeklyRangePhaseThresholds::test_boundary_exactly_70_returns_extended PASSED [ 82%]
backend/tests/test_swing_trade_range_exhaustion.py::TestWeeklyRangePhaseThresholds::test_just_below_30_returns_early PASSED [ 82%]
backend/tests/test_swing_trade_range_exhaustion.py::TestWeeklyRangePhaseThresholds::test_just_below_50_returns_mid PASSED [ 82%]
backend/tests/test_swing_trade_range_exhaustion.py::TestWeeklyRangePhaseThresholds::test_just_below_70_returns_late PASSED [ 82%]
backend/tests/test_swing_trade_watchlist_storage.py::SwingTradeWatchlistStorageTests::test_swing_watchlist_roundtrip_and_cap PASSED [ 83%]
backend/tests/test_trade_engine_probabilities.py::TradeEngineProbabilityMathTest::test_bull_put_spread_uses_full_payoff_distribution PASSED [ 83%]
backend/tests/test_trade_engine_probabilities.py::TradeEngineProbabilityMathTest::test_long_call_pop_and_ev_use_breakeven_and_directional_drift PASSED [ 83%]
backend/tests/test_trade_engine_strategies.py::TradeEngineStrategyCoverageTest::test_compute_ev_clamps_probability_inputs PASSED [ 83%]
backend/tests/test_trade_engine_strategies.py::TradeEngineStrategyCoverageTest::test_credit_only_neutral_builds_all_defined_risk_credit_trades PASSED [ 84%]
backend/tests/test_trade_engine_strategies.py::TradeEngineStrategyCoverageTest::test_credit_spreads_use_bs_distributional_ev_income_trades_use_binary_ev PASSED [ 84%]
backend/tests/test_trade_engine_strategies.py::TradeEngineStrategyCoverageTest::test_kelly_metrics_use_half_kelly_with_twenty_percent_cap PASSED [ 84%]
backend/tests/test_trade_engine_strategies.py::TradeEngineStrategyCoverageTest::test_long_call_uses_black_scholes_ev_not_capped_binary_ev PASSED [ 84%]
backend/tests/test_trade_engine_strategies.py::TradeEngineStrategyCoverageTest::test_long_only_bearish_builds_long_put_and_bear_put_spread PASSED [ 84%]
backend/tests/test_trade_engine_strategies.py::TradeEngineStrategyCoverageTest::test_long_only_bullish_builds_long_call_and_bull_call_spread PASSED [ 85%]
backend/tests/test_trade_engine_strategies.py::TradeEngineStrategyCoverageTest::test_long_only_neutral_builds_long_straddle PASSED [ 85%]
backend/tests/test_trade_engine_strategies.py::TradeEngineStrategyCoverageTest::test_long_put_uses_black_scholes_ev_not_capped_binary_ev PASSED [ 85%]
backend/tests/test_trade_engine_strategies.py::TradeEngineStrategyCoverageTest::test_long_straddle_uses_black_scholes_ev_for_each_leg PASSED [ 85%]
backend/tests/test_trade_engine_strategies.py::TradeEngineStrategyCoverageTest::test_recommendations_have_positive_ev_and_kelly_metrics PASSED [ 86%]
backend/tests/test_trade_engine_strategies.py::TradeEngineStrategyCoverageTest::test_short_or_covered_bearish_builds_short_call PASSED [ 86%]
backend/tests/test_trade_engine_strategies.py::TradeEngineStrategyCoverageTest::test_short_or_covered_neutral_builds_bullish_income_trades PASSED [ 86%]
backend/tests/test_trader_decision.py::TestTraderDecision::test_amd_weak_breakdown_below_vwap PASSED [ 86%]
backend/tests/test_trader_decision.py::TestTraderDecision::test_arm_very_extended PASSED [ 86%]
backend/tests/test_trader_decision.py::TestTraderDecision::test_neutral_weak_aapl PASSED [ 87%]
backend/tests/test_trader_decision.py::TestTraderDecision::test_nvda_rs_long_watch_weak_qqq_session PASSED [ 87%]
backend/tests/test_trader_decision.py::TestTraderDecision::test_spy_broad_weak PASSED [ 87%]
backend/tests/test_trader_decision.py::TestTraderDecision::test_very_extended_trumps_rs_long_pattern PASSED [ 87%]
backend/tests/test_unified_day_trade.py::TestVerdictMapping::test_strong_go_no_td_override_gives_enter PASSED [ 88%]
backend/tests/test_unified_day_trade.py::TestVerdictMapping::test_go_no_td_override_gives_enter PASSED [ 88%]
backend/tests/test_unified_day_trade.py::TestVerdictMapping::test_watch_no_td_override_gives_watch PASSED [ 88%]
backend/tests/test_unified_day_trade.py::TestVerdictMapping::test_no_go_gives_avoid PASSED [ 88%]
backend/tests/test_unified_day_trade.py::TestVerdictMapping::test_wait_gives_wait PASSED [ 88%]
backend/tests/test_unified_day_trade.py::TestVerdictMapping::test_td_watch_long_only_overrides_strong_go PASSED [ 89%]
backend/tests/test_unified_day_trade.py::TestVerdictMapping::test_td_watch_put_breakdown_overrides_go PASSED [ 89%]
backend/tests/test_unified_day_trade.py::TestVerdictMapping::test_td_wait_for_confirmation_overrides_go PASSED [ 89%]
backend/tests/test_unified_day_trade.py::TestVerdictMapping::test_td_no_trade_overrides_strong_go PASSED [ 89%]
backend/tests/test_unified_day_trade.py::TestVerdictMapping::test_td_avoid_calls_overrides_go PASSED [ 90%]
backend/tests/test_unified_day_trade.py::TestVerdictMapping::test_td_avoid_chasing_puts_gives_avoid PASSED [ 90%]
backend/tests/test_unified_day_trade.py::TestVerdictMapping::test_neutral_weak_no_trade_gives_wait PASSED [ 90%]
backend/tests/test_unified_day_trade.py::TestDirection::test_watch_long_only_gives_call_structure PASSED [ 90%]
backend/tests/test_unified_day_trade.py::TestDirection::test_watch_put_breakdown_gives_put_structure PASSED [ 90%]
backend/tests/test_unified_day_trade.py::TestDirection::test_avoid_calls_gives_call_structure PASSED [ 91%]
backend/tests/test_unified_day_trade.py::TestDirection::test_fallback_stop_above_entry_infers_put PASSED [ 91%]
backend/tests/test_unified_day_trade.py::TestDirection::test_orc_structure_hint_takes_priority PASSED [ 91%]
backend/tests/test_unified_day_trade.py::TestStopPrice::test_call_stop_is_below_entry PASSED [ 91%]
backend/tests/test_unified_day_trade.py::TestStopPrice::test_put_stop_is_above_entry PASSED [ 92%]
backend/tests/test_unified_day_trade.py::TestStopPrice::test_call_direction_wrong_side_stop_corrected_to_or_low PASSED [ 92%]
backend/tests/test_unified_day_trade.py::TestStopPrice::test_put_direction_wrong_side_stop_corrected_to_or_high PASSED [ 92%]
backend/tests/test_unified_day_trade.py::TestStopPrice::test_stop_nulled_when_correction_also_wrong_side PASSED [ 92%]
backend/tests/test_unified_day_trade.py::TestStopPrice::test_stop_action_text_call PASSED [ 92%]
backend/tests/test_unified_day_trade.py::TestStopPrice::test_stop_action_text_put PASSED [ 93%]
backend/tests/test_unified_day_trade.py::TestTargetGuard::test_call_t1_above_entry_included PASSED [ 93%]
backend/tests/test_unified_day_trade.py::TestTargetGuard::test_put_t1_below_entry_included PASSED [ 93%]
backend/tests/test_unified_day_trade.py::TestTargetGuard::test_call_t1_below_entry_dropped PASSED [ 93%]
backend/tests/test_unified_day_trade.py::TestTargetGuard::test_put_t1_above_entry_dropped PASSED [ 94%]
backend/tests/test_unified_day_trade.py::TestTargetGuard::test_t2_also_direction_guarded PASSED [ 94%]
backend/tests/test_unified_day_trade.py::TestTargetGuard::test_time_stop_always_present_for_active_trade PASSED [ 94%]
backend/tests/test_unified_day_trade.py::TestRRRatio::test_rr_computed_from_actual_levels PASSED [ 94%]
backend/tests/test_unified_day_trade.py::TestRRRatio::test_rr_none_when_no_t1 PASSED [ 94%]
backend/tests/test_unified_day_trade.py::TestRRRatio::test_rr_put_computed_correctly PASSED [ 95%]
backend/tests/test_unified_day_trade.py::TestEntryClearedForWaitAvoid::test_entry_plan_null_for_non_actionable[NO_TRADE-WAIT] PASSED [ 95%]
backend/tests/test_unified_day_trade.py::TestEntryClearedForWaitAvoid::test_entry_plan_null_for_non_actionable[WAIT_FOR_CONFIRMATION-GO] PASSED [ 95%]
backend/tests/test_unified_day_trade.py::TestEntryClearedForWaitAvoid::test_entry_plan_null_for_non_actionable[AVOID_CALLS-GO] PASSED [ 95%]
backend/tests/test_unified_day_trade.py::TestEntryClearedForWaitAvoid::test_entry_plan_null_for_non_actionable[AVOID_CHASING_PUTS-GO] PASSED [ 96%]
backend/tests/test_unified_day_trade.py::TestEntryClearedForWaitAvoid::test_wait_verdict_no_entry PASSED [ 96%]
backend/tests/test_unified_day_trade.py::TestEntryClearedForWaitAvoid::test_no_go_no_entry PASSED [ 96%]
backend/tests/test_unified_day_trade.py::TestEntryClearedForWaitAvoid::test_enter_verdict_has_entry PASSED [ 96%]
backend/tests/test_unified_day_trade.py::TestRealWorldScenarios::test_aapl_relative_strength_watch_long PASSED [ 96%]
backend/tests/test_unified_day_trade.py::TestRealWorldScenarios::test_amzn_neutral_weak_wait PASSED [ 97%]
backend/tests/test_unified_day_trade.py::TestRealWorldScenarios::test_nvda_weak_put_watch PASSED [ 97%]
backend/tests/test_unified_day_trade.py::TestRealWorldScenarios::test_strong_go_long_full_plan PASSED [ 97%]
backend/tests/test_unified_day_trade.py::TestNeverBadData::test_no_undefined_fields_on_enter PASSED [ 97%]
backend/tests/test_unified_day_trade.py::TestNeverBadData::test_no_nan_in_prices PASSED [ 98%]
backend/tests/test_unified_day_trade.py::TestNeverBadData::test_exit_rows_price_format PASSED [ 98%]
backend/tests/test_unified_day_trade.py::TestNeverBadData::test_conditions_have_valid_type PASSED [ 98%]
backend/tests/test_unified_day_trade.py::TestNeverBadData::test_error_response_on_exception PASSED [ 98%]
backend/tests/test_user_advisory_ack.py::AdvisoryAckTests::test_save_preserves_advisory_when_not_sent PASSED [ 98%]
backend/tests/test_user_advisory_ack.py::AdvisoryAckTests::test_save_preserves_alert_email_when_not_sent PASSED [ 99%]
backend/tests/test_user_advisory_ack.py::AdvisoryAckTests::test_save_updates_advisory_when_provided PASSED [ 99%]
backend/tests/test_watchlist_limits.py::WatchlistLimitTests::test_admin_uses_same_unified_cap PASSED [ 99%]
backend/tests/test_watchlist_limits.py::WatchlistLimitTests::test_get_user_state_includes_watchlist_max PASSED [ 99%]
backend/tests/test_watchlist_limits.py::WatchlistLimitTests::test_regular_user_can_save_large_watchlist PASSED [100%]

============================= 450 passed in 2.41s ==============================
